-------------------------------------------------------------------------------
Test set: com.org.tav.JunitDemo.SelectionSortTest
-------------------------------------------------------------------------------
Tests run: 1, Failures: 0, Errors: 1, Skipped: 0, Time elapsed: 0 s <<< FAILURE! - in com.org.tav.JunitDemo.SelectionSortTest
com.org.tav.JunitDemo.SelectionSortTest  Time elapsed: 0 s  <<< ERROR!
org.junit.platform.commons.JUnitException: @BeforeAll method 'void com.org.tav.JunitDemo.SelectionSortTest.beforeEach(org.junit.jupiter.api.RepetitionInfo)' must be static unless the test class is annotated with @TestInstance(Lifecycle.PER_CLASS).

