-------------------------------------------------------------------------------
Test set: com.org.tav.JunitDemo.palindromeTest
-------------------------------------------------------------------------------
Tests run: 7, Failures: 1, Errors: 0, Skipped: 0, Time elapsed: 0.065 s <<< FAILURE! - in com.org.tav.JunitDemo.palindromeTest
isPalindrome{String}[7]  Time elapsed: 0.008 s  <<< FAILURE!
org.opentest4j.AssertionFailedError: expected: <true> but was: <false>
	at com.org.tav.JunitDemo.palindromeTest.isPalindrome(palindromeTest.java:20)

