<?xml version="1.0" encoding="UTF-8"?>
<testsuite xmlns:xsi="http://www.w3.org/2001/XMLSchema-instance" xsi:noNamespaceSchemaLocation="https://maven.apache.org/surefire/maven-surefire-plugin/xsd/surefire-test-report.xsd" name="com.org.tav.JunitDemo.SelectionSortTest" time="0" tests="1" errors="1" skipped="0" failures="0">
  <properties>
[...]
</properties>
  <testcase name="com.org.tav.JunitDemo.SelectionSortTest" classname="com.org.tav.JunitDemo.SelectionSortTest" time="0">
    <error message="@BeforeAll method &apos;void com.org.tav.JunitDemo.SelectionSortTest.beforeEach(org.junit.jupiter.api.RepetitionInfo)&apos; must be static unless the test class is annotated with @TestInstance(Lifecycle.PER_CLASS)." type="org.junit.platform.commons.JUnitException">org.junit.platform.commons.JUnitException: @BeforeAll method 'void com.org.tav.JunitDemo.SelectionSortTest.beforeEach(org.junit.jupiter.api.RepetitionInfo)' must be static unless the test class is annotated with @TestInstance(Lifecycle.PER_CLASS).
</error>
  </testcase>
</testsuite>